<?xml version="1.0" encoding="UTF-8"?>
<!-- Generated by org.testng.reporters.JUnitReportReporter -->
<testsuite skipped="0" hostname="LAPTOP-LE02I758" name="TestClass" tests="4" failures="0" timestamp="14 Sep 2020 10:10:16 GMT" time="93.650" errors="0">
  <testcase name="verify_LoginPage_Title" time="0.245" classname="TestClass"/>
  <testcase name="verify_Application_Login" time="18.077" classname="TestClass"/>
  <testcase name="verify_NavigationMenu_Links" time="1.564" classname="TestClass"/>
  <testcase name="addContacts" time="73.764" classname="TestClass"/>
</testsuite> <!-- TestClass -->
